Component Rule Check Report for : D:\Work_AnundaTech\IoT\myAltium_lib\myIOT_lib.SchLib


Name                Errors
------------------------------------------------------------------
TPS4H160AQPWPRQ1    (No Description) 
ESP32_WROOM_32U     (Missing Pin Number In Sequence : 32 [1..39]) 
MicroSIM_molex      (Duplicate Pin Number : Normal: 0) 
                    (Missing Pin Number In Sequence : 4 [0..7]) 
brd_11u68-100P      (No Description) 
STM32F072RBT6       (No Description) 
Linkit7688duo       (No Description) 
TILT_SEN_PCB        (No Description) 
ESP32_DEVKIT        (No Description) 
Gain_block1         (No Description) 
BD9G341AEFJ         (No Description) 
SIM7600E-H          (Missing Pin Number In Sequence : 42 [1..87]) 
FIL_SAW400          (No Description) 
                    (Missing Pin Number In Sequence : 3,4 [2..5]) 
BD9G500EFJ          (No Description) 
BD9D321EFJ          (No Description) 
BD9C601EFJ          (No Description) 
Modem_ICS           (Duplicate Pin Number : Normal: 0) (No Description) 
PCB_TERM            (No Description) 
MicroSIM            (Duplicate Pin Number : Normal: 0) 
ZED_F9P             (No Description) 
XTAL_12             (Missing Pin Number In Sequence : 2 [1..3]) 
SIMCARD             (Duplicate Pin Number : Normal: 0) 
SIM39EA             (No Footprint) (No Description) 
FIDU31              (No Description) 
HDR27               (Missing Pin Name) (No Description) 
ELS61               (No Description) 
                    (Missing Pin Number In Sequence : 34,35,36,37,38,39,40,41,42,43,44,45,46,47,48,49,50,51,52,107,108,109,110,111,112,113,114,115,116,117,118,119,120,121,122,123,124,125,126,127,128,129,130,131,132,133,134,135,136,137,138,139,140,141,142,143,144,145,146,147,148,149,150,151,152,153,154,155,156,157,158,159,160,161,162,163,164,165,166,167,168,169,170,171,172,173,174,175,176,177,178,179,180,181,182,183,184,185,186,187,188,189,190,191,192,193,194,195,196,197,198,199,200 [20..252]) 
